Performing C SOURCE FILE Test CMAKE_HAVE_LIBC_PTHREAD failed with the following output:
Change Dir: /home/zjl/桌面/project/CUDA/opencv-operate/img_operate/build/CMakeFiles/CMakeTmp

Run Build Command(s):/usr/bin/make cmTC_753be/fast && /usr/bin/make -f CMakeFiles/cmTC_753be.dir/build.make CMakeFiles/cmTC_753be.dir/build
make[1]: 进入目录“/home/zjl/桌面/project/CUDA/opencv-operate/img_operate/build/CMakeFiles/CMakeTmp”
Building C object CMakeFiles/cmTC_753be.dir/src.c.o
/usr/bin/cc   -fPIC -DCMAKE_HAVE_LIBC_PTHREAD   -o CMakeFiles/cmTC_753be.dir/src.c.o   -c /home/zjl/桌面/project/CUDA/opencv-operate/img_operate/build/CMakeFiles/CMakeTmp/src.c
Linking C executable cmTC_753be
/usr/bin/cmake -E cmake_link_script CMakeFiles/cmTC_753be.dir/link.txt --verbose=1
/usr/bin/cc -fPIC -DCMAKE_HAVE_LIBC_PTHREAD    CMakeFiles/cmTC_753be.dir/src.c.o  -o cmTC_753be 
/usr/bin/ld: CMakeFiles/cmTC_753be.dir/src.c.o: in function `main':
src.c:(.text+0x46): undefined reference to `pthread_create'
/usr/bin/ld: src.c:(.text+0x52): undefined reference to `pthread_detach'
/usr/bin/ld: src.c:(.text+0x63): undefined reference to `pthread_join'
collect2: error: ld returned 1 exit status
make[1]: *** [CMakeFiles/cmTC_753be.dir/build.make:87：cmTC_753be] 错误 1
make[1]: 离开目录“/home/zjl/桌面/project/CUDA/opencv-operate/img_operate/build/CMakeFiles/CMakeTmp”
make: *** [Makefile:121：cmTC_753be/fast] 错误 2


Source file was:
#include <pthread.h>

void* test_func(void* data)
{
  return data;
}

int main(void)
{
  pthread_t thread;
  pthread_create(&thread, NULL, test_func, NULL);
  pthread_detach(thread);
  pthread_join(thread, NULL);
  pthread_atfork(NULL, NULL, NULL);
  pthread_exit(NULL);

  return 0;
}

Determining if the function pthread_create exists in the pthreads failed with the following output:
Change Dir: /home/zjl/桌面/project/CUDA/opencv-operate/img_operate/build/CMakeFiles/CMakeTmp

Run Build Command(s):/usr/bin/make cmTC_bc51e/fast && /usr/bin/make -f CMakeFiles/cmTC_bc51e.dir/build.make CMakeFiles/cmTC_bc51e.dir/build
make[1]: 进入目录“/home/zjl/桌面/project/CUDA/opencv-operate/img_operate/build/CMakeFiles/CMakeTmp”
Building C object CMakeFiles/cmTC_bc51e.dir/CheckFunctionExists.c.o
/usr/bin/cc   -fPIC -DCHECK_FUNCTION_EXISTS=pthread_create   -o CMakeFiles/cmTC_bc51e.dir/CheckFunctionExists.c.o   -c /usr/share/cmake-3.16/Modules/CheckFunctionExists.c
Linking C executable cmTC_bc51e
/usr/bin/cmake -E cmake_link_script CMakeFiles/cmTC_bc51e.dir/link.txt --verbose=1
/usr/bin/cc -fPIC -DCHECK_FUNCTION_EXISTS=pthread_create    CMakeFiles/cmTC_bc51e.dir/CheckFunctionExists.c.o  -o cmTC_bc51e  -lpthreads 
/usr/bin/ld: 找不到 -lpthreads
collect2: error: ld returned 1 exit status
make[1]: *** [CMakeFiles/cmTC_bc51e.dir/build.make:87：cmTC_bc51e] 错误 1
make[1]: 离开目录“/home/zjl/桌面/project/CUDA/opencv-operate/img_operate/build/CMakeFiles/CMakeTmp”
make: *** [Makefile:121：cmTC_bc51e/fast] 错误 2



